0 info it worked if it ends with ok
1 verbose cli [ '/usr/bin/nodejs',
1 verbose cli   '/usr/bin/npm',
1 verbose cli   'install',
1 verbose cli   'angular-ui-router' ]
2 info using npm@1.3.10
3 info using node@v0.10.25
4 verbose cache add [ 'angular-ui-router', null ]
5 verbose cache add name=undefined spec="angular-ui-router" args=["angular-ui-router",null]
6 verbose parsed url { protocol: null,
6 verbose parsed url   slashes: null,
6 verbose parsed url   auth: null,
6 verbose parsed url   host: null,
6 verbose parsed url   port: null,
6 verbose parsed url   hostname: null,
6 verbose parsed url   hash: null,
6 verbose parsed url   search: null,
6 verbose parsed url   query: null,
6 verbose parsed url   pathname: 'angular-ui-router',
6 verbose parsed url   path: 'angular-ui-router',
6 verbose parsed url   href: 'angular-ui-router' }
7 silly lockFile ff5f9edb-angular-ui-router angular-ui-router
8 verbose lock angular-ui-router /home/anugrahaa/.npm/ff5f9edb-angular-ui-router.lock
9 silly lockFile ff5f9edb-angular-ui-router angular-ui-router
10 silly lockFile ff5f9edb-angular-ui-router angular-ui-router
11 verbose addNamed [ 'angular-ui-router', '' ]
12 verbose addNamed [ null, '*' ]
13 silly lockFile f588af00-angular-ui-router angular-ui-router@
14 verbose lock angular-ui-router@ /home/anugrahaa/.npm/f588af00-angular-ui-router.lock
15 silly addNameRange { name: 'angular-ui-router', range: '*', hasData: false }
16 verbose url raw angular-ui-router
17 verbose url resolving [ 'https://registry.npmjs.org/', './angular-ui-router' ]
18 verbose url resolved https://registry.npmjs.org/angular-ui-router
19 info trying registry request attempt 1 at 14:24:56
20 http GET https://registry.npmjs.org/angular-ui-router
21 info retry will retry, error on last attempt: Error: getaddrinfo ENOTFOUND
22 info trying registry request attempt 2 at 14:25:17
23 http GET https://registry.npmjs.org/angular-ui-router
24 info retry will retry, error on last attempt: Error: getaddrinfo ENOTFOUND
25 info trying registry request attempt 3 at 14:26:37
26 http GET https://registry.npmjs.org/angular-ui-router
27 silly lockFile f588af00-angular-ui-router angular-ui-router@
28 silly lockFile f588af00-angular-ui-router angular-ui-router@
29 error network getaddrinfo ENOTFOUND
29 error network This is most likely not a problem with npm itself
29 error network and is related to network connectivity.
29 error network In most cases you are behind a proxy or have bad network settings.
29 error network
29 error network If you are behind a proxy, please make sure that the
29 error network 'proxy' config is set properly.  See: 'npm help config'
30 error System Linux 3.19.0-32-generic
31 error command "/usr/bin/nodejs" "/usr/bin/npm" "install" "angular-ui-router"
32 error cwd /home/anugrahaa/code/beerfactory-pragyan
33 error node -v v0.10.25
34 error npm -v 1.3.10
35 error syscall getaddrinfo
36 error code ENOTFOUND
37 error errno ENOTFOUND
38 verbose exit [ 1, true ]
